TN:
SF:src/character.js
FN:2,(anonymous_0)
FN:27,(anonymous_1)
FN:37,(anonymous_2)
FNF:3
FNH:3
FNDA:9,(anonymous_0)
FNDA:2,(anonymous_1)
FNDA:2,(anonymous_2)
DA:3,9
DA:4,2
DA:6,7
DA:7,7
DA:8,7
DA:16,7
DA:17,6
DA:19,1
DA:21,6
DA:22,6
DA:23,6
DA:24,6
DA:28,2
DA:29,1
DA:30,1
DA:31,1
DA:32,1
DA:34,1
DA:38,2
DA:39,2
DA:40,1
LF:21
LH:21
BRDA:2,0,0,9
BRDA:2,1,0,9
BRDA:3,2,0,2
BRDA:3,2,1,7
BRDA:3,3,0,9
BRDA:3,3,1,8
BRDA:16,4,0,6
BRDA:16,4,1,1
BRDA:28,5,0,1
BRDA:28,5,1,1
BRDA:39,6,0,1
BRDA:39,6,1,1
BRF:12
BRH:12
end_of_record
